<?xml version="1.0" encoding="UTF-8"?>
<testsuite xmlns:xsi="http://www.w3.org/2001/XMLSchema-instance" xsi:noNamespaceSchemaLocation="https://maven.apache.org/surefire/maven-surefire-plugin/xsd/surefire-test-report.xsd" version="3.0.2" name="mavenproject.apitests.PartialUpdate" time="3.774" tests="1" errors="0" skipped="0" failures="0">
  <properties>
[...]
</properties>
  <testcase name="createBookingTest on createBookingTest(mavenproject.apitests.PartialUpdate)" classname="mavenproject.apitests.PartialUpdate" time="3.486">
    <system-out><![CDATA[{"firstname":"Divante","bookingdates":{"checkin":"2024-08-23","checkout":"2024-08-30"},"totalprice":150,"depositpaid":true,"lastname":"Parness"}
{"bookingid":450,"booking":{"firstname":"Divante","lastname":"Parness","totalprice":150,"depositpaid":true,"bookingdates":{"checkin":"2024-08-23","checkout":"2024-08-30"}}}
450
Divante














trying this
{"firstname":"patched123","bookingdates":{},"totalprice":250,"depositpaid":true,"lastname":"patched345"}
450
-----------------------------------------------
{"firstname":"patched123","lastname":"patched345","totalprice":250,"depositpaid":true,"bookingdates":{"checkin":"0NaN-aN-aN","checkout":"0NaN-aN-aN"}}
{"firstname":"patched123","lastname":"patched345","totalprice":250,"depositpaid":true,"bookingdates":{"checkin":"0NaN-aN-aN","checkout":"0NaN-aN-aN"}}
]]></system-out>
    <system-err><![CDATA[SLF4J(W): No SLF4J providers were found.
SLF4J(W): Defaulting to no-operation (NOP) logger implementation
SLF4J(W): See https://www.slf4j.org/codes.html#noProviders for further details.
]]></system-err>
  </testcase>
</testsuite>