<?xml version="1.0" encoding="UTF-8"?>
<testsuite xmlns:xsi="http://www.w3.org/2001/XMLSchema-instance" xsi:noNamespaceSchemaLocation="https://maven.apache.org/surefire/maven-surefire-plugin/xsd/surefire-test-report.xsd" version="3.0.2" name="mavenproject.apitests.GetBookingIdsWithoutFilterTest" time="2.182" tests="1" errors="0" skipped="0" failures="0">
  <properties>
[...]
</properties>
  <testcase name="GetBookingIdsNoFilter on GetBookingIdsNoFilter(mavenproject.apitests.GetBookingIdsWithoutFilterTest)" classname="mavenproject.apitests.GetBookingIdsWithoutFilterTest" time="1.972">
    <system-out><![CDATA[[{"bookingid":2343},{"bookingid":2455},{"bookingid":1173},{"bookingid":515},{"bookingid":276},{"bookingid":1551},{"bookingid":3142},{"bookingid":1134},{"bookingid":1516},{"bookingid":308},{"bookingid":2242},{"bookingid":577},{"bookingid":198},{"bookingid":142},{"bookingid":2625},{"bookingid":2914},{"bookingid":2085},{"bookingid":137},{"bookingid":44},{"bookingid":1836},{"bookingid":772},{"bookingid":1077},{"bookingid":2521},{"bookingid":806},{"bookingid":3023},{"bookingid":2154},{"bookingid":2218},{"bookingid":1708},{"bookingid":2982},{"bookingid":600},{"bookingid":2884},{"bookingid":2577},{"bookingid":124},{"bookingid":799},{"bookingid":1430},{"bookingid":1956},{"bookingid":413},{"bookingid":812},{"bookingid":2626},{"bookingid":2487},{"bookingid":2755},{"bookingid":2922},{"bookingid":845},{"bookingid":1157},{"bookingid":1417},{"bookingid":111},{"bookingid":554},{"bookingid":2385},{"bookingid":162},{"bookingid":2959},{"bookingid":1910},{"bookingid":2791},{"bookingid":1746},{"bookingid":1031},{"bookingid":578},{"bookingid":274},{"bookingid":1575},{"bookingid":823},{"bookingid":510},{"bookingid":1603},{"bookingid":506},{"bookingid":2208},{"bookingid":1260},{"bookingid":3104},{"bookingid":668},{"bookingid":1997},{"bookingid":2975},{"bookingid":843},{"bookingid":789},{"bookingid":1288},{"bookingid":419},{"bookingid":1076},{"bookingid":899},{"bookingid":2146},{"bookingid":2468},{"bookingid":891},{"bookingid":400},{"bookingid":1483},{"bookingid":620},{"bookingid":2879},{"bookingid":680},{"bookingid":1120},{"bookingid":3140},{"bookingid":2593},{"bookingid":1129},{"bookingid":2326},{"bookingid":2482},{"bookingid":2239},{"bookingid":944},{"bookingid":2},{"bookingid":1062},{"bookingid":2283},{"bookingid":170},{"bookingid":937},{"bookingid":2025},{"bookingid":3147},{"bookingid":1389},{"bookingid":32},{"bookingid":1505},{"bookingid":685},{"bookingid":493},{"bookingid":3078},{"bookingid":640},{"bookingid":1646},{"bookingid":3158},{"bookingid":952},{"bookingid":1518},{"bookingid":701},{"bookingid":1471},{"bookingid":1251},{"bookingid":396},{"bookingid":2441},{"bookingid":1639},{"bookingid":601},{"bookingid":1568},{"bookingid":1272},{"bookingid":2567},{"bookingid":2732},{"bookingid":2997},{"bookingid":230},{"bookingid":1953},{"bookingid":114},{"bookingid":2113},{"bookingid":1550},{"bookingid":602},{"bookingid":1735},{"bookingid":3135},{"bookingid":3075},{"bookingid":220},{"bookingid":1982},{"bookingid":1398},{"bookingid":2974},{"bookingid":2089},{"bookingid":1208},{"bookingid":1823},{"bookingid":3182},{"bookingid":619},{"bookingid":2632},{"bookingid":750},{"bookingid":1739},{"bookingid":1026},{"bookingid":2824},{"bookingid":38},{"bookingid":1336},{"bookingid":982},{"bookingid":2398},{"bookingid":2371},{"bookingid":56},{"bookingid":473},{"bookingid":3113},{"bookingid":1820},{"bookingid":1380},{"bookingid":12},{"bookingid":3112},{"bookingid":23},{"bookingid":792},{"bookingid":1179},{"bookingid":2183},{"bookingid":2828},{"bookingid":1676},{"bookingid":2883},{"bookingid":1049},{"bookingid":1268},{"bookingid":2084},{"bookingid":3032},{"bookingid":1202},{"bookingid":2553},{"bookingid":210},{"bookingid":1650},{"bookingid":3125},{"bookingid":2151},{"bookingid":263},{"bookingid":2311},{"bookingid":1127},{"bookingid":2576},{"bookingid":42},{"bookingid":906},{"bookingid":1985},{"bookingid":1082},{"bookingid":960},{"bookingid":2182},{"bookingid":2881},{"bookingid":3130},{"bookingid":1808},{"bookingid":817},{"bookingid":2999},{"bookingid":191},{"bookingid":1295},{"bookingid":388},{"bookingid":1242},{"bookingid":1162},{"bookingid":139},{"bookingid":110},{"bookingid":495},{"bookingid":1374},{"bookingid":1558},{"bookingid":2592},{"bookingid":2865},{"bookingid":759},{"bookingid":2274},{"bookingid":1858},{"bookingid":2500},{"bookingid":326},{"bookingid":3159},{"bookingid":1893},{"bookingid":656},{"bookingid":3148},{"bookingid":1387},{"bookingid":1926},{"bookingid":2314},{"bookingid":2286},{"bookingid":3001},{"bookingid":3044},{"bookingid":627},{"bookingid":635},{"bookingid":1593},{"bookingid":1670},{"bookingid":55},{"bookingid":214},{"bookingid":2362},{"bookingid":1977},{"bookingid":2641},{"bookingid":2162},{"bookingid":2101},{"bookingid":2981},{"bookingid":1330},{"bookingid":341},{"bookingid":224},{"bookingid":2846},{"bookingid":929},{"bookingid":2357},{"bookingid":808},{"bookingid":423},{"bookingid":872},{"bookingid":1608},{"bookingid":1072},{"bookingid":3177},{"bookingid":524},{"bookingid":1544},{"bookingid":2322},{"bookingid":501},{"bookingid":1779},{"bookingid":2792},{"bookingid":2479},{"bookingid":2201},{"bookingid":265},{"bookingid":2097},{"bookingid":2271},{"bookingid":911},{"bookingid":1911},{"bookingid":2119},{"bookingid":458},{"bookingid":34},{"bookingid":452},{"bookingid":1776},{"bookingid":3118},{"bookingid":1659},{"bookingid":1675},{"bookingid":2781},{"bookingid":1697},{"bookingid":858},{"bookingid":1235},{"bookingid":1263},{"bookingid":2367},{"bookingid":1441},{"bookingid":2743},{"bookingid":824},{"bookingid":2282},{"bookingid":2339},{"bookingid":1147},{"bookingid":1579},{"bookingid":2591},{"bookingid":228},{"bookingid":1581},{"bookingid":1793},{"bookingid":1690},{"bookingid":796},{"bookingid":1034},{"bookingid":2216},{"bookingid":2243},{"bookingid":2338},{"bookingid":1161},{"bookingid":126},{"bookingid":2700},{"bookingid":2224},{"bookingid":2705},{"bookingid":127},{"bookingid":2200},{"bookingid":3086},{"bookingid":1642},{"bookingid":2819},{"bookingid":2674},{"bookingid":215},{"bookingid":2925},{"bookingid":1475},{"bookingid":585},{"bookingid":2506},{"bookingid":976},{"bookingid":1645},{"bookingid":873},{"bookingid":1217},{"bookingid":1582},{"bookingid":743},{"bookingid":57},{"bookingid":2102},{"bookingid":3074},{"bookingid":3174},{"bookingid":300},{"bookingid":2765},{"bookingid":2294},{"bookingid":2683},{"bookingid":1841},{"bookingid":321},{"bookingid":689},{"bookingid":1822},{"bookingid":1817},{"bookingid":2887},{"bookingid":2677},{"bookingid":3100},{"bookingid":1454},{"bookingid":284},{"bookingid":566},{"bookingid":1988},{"bookingid":1211},{"bookingid":964},{"bookingid":2582},{"bookingid":1091},{"bookingid":676},{"bookingid":778},{"bookingid":548},{"bookingid":1046},{"bookingid":1436},{"bookingid":598},{"bookingid":1146},{"bookingid":349},{"bookingid":1106},{"bookingid":232},{"bookingid":2667},{"bookingid":1848},{"bookingid":2617},{"bookingid":1121},{"bookingid":1450},{"bookingid":1033},{"bookingid":1102},{"bookingid":2187},{"bookingid":2021},{"bookingid":1334},{"bookingid":941},{"bookingid":250},{"bookingid":2345},{"bookingid":543},{"bookingid":1611},{"bookingid":2264},{"bookingid":1500},{"bookingid":63},{"bookingid":1587},{"bookingid":173},{"bookingid":2816},{"bookingid":1133},{"bookingid":238},{"bookingid":1361},{"bookingid":896},{"bookingid":2489},{"bookingid":3166},{"bookingid":3144},{"bookingid":3128},{"bookingid":1040},{"bookingid":2116},{"bookingid":748},{"bookingid":654},{"bookingid":3039},{"bookingid":2756},{"bookingid":1282},{"bookingid":2439},{"bookingid":1861},{"bookingid":1761},{"bookingid":1004},{"bookingid":1837},{"bookingid":2405},{"bookingid":363},{"bookingid":1831},{"bookingid":1429},{"bookingid":1542},{"bookingid":2279},{"bookingid":529},{"bookingid":2535},{"bookingid":2563},{"bookingid":1197},{"bookingid":734},{"bookingid":2252},{"bookingid":3162},{"bookingid":989},{"bookingid":2793},{"bookingid":2103},{"bookingid":2651},{"bookingid":177},{"bookingid":2551},{"bookingid":2377},{"bookingid":2175},{"bookingid":1478},{"bookingid":2453},{"bookingid":1342},{"bookingid":134},{"bookingid":2181},{"bookingid":754},{"bookingid":448},{"bookingid":1543},{"bookingid":2257},{"bookingid":810},{"bookingid":925},{"bookingid":500},{"bookingid":259},{"bookingid":1791},{"bookingid":1870},{"bookingid":1016},{"bookingid":1271},{"bookingid":149},{"bookingid":2946},{"bookingid":2241},{"bookingid":1375},{"bookingid":244},{"bookingid":996},{"bookingid":1771},{"bookingid":93},{"bookingid":2436},{"bookingid":14},{"bookingid":1655},{"bookingid":717},{"bookingid":2003},{"bookingid":1750},{"bookingid":2270},{"bookingid":1480},{"bookingid":2527},{"bookingid":2191},{"bookingid":3178},{"bookingid":844},{"bookingid":1470},{"bookingid":2575},{"bookingid":2004},{"bookingid":2071},{"bookingid":1256},{"bookingid":1084},{"bookingid":2566},{"bookingid":2597},{"bookingid":2221},{"bookingid":1240},{"bookingid":1409},{"bookingid":3019},{"bookingid":747},{"bookingid":563},{"bookingid":2871},{"bookingid":2905},{"bookingid":1055},{"bookingid":702},{"bookingid":1968},{"bookingid":47},{"bookingid":1989},{"bookingid":2771},{"bookingid":1226},{"bookingid":2461},{"bookingid":374},{"bookingid":3006},{"bookingid":1760},{"bookingid":924},{"bookingid":3161},{"bookingid":2891},{"bookingid":2058},{"bookingid":1932},{"bookingid":662},{"bookingid":517},{"bookingid":296},{"bookingid":2609},{"bookingid":2301},{"bookingid":100},{"bookingid":293},{"bookingid":1768},{"bookingid":2334},{"bookingid":1504},{"bookingid":607},{"bookingid":1998},{"bookingid":522},{"bookingid":1714},{"bookingid":1876},{"bookingid":2692},{"bookingid":1328},{"bookingid":1446},{"bookingid":3133},{"bookingid":2351},{"bookingid":2397},{"bookingid":2068},{"bookingid":749},{"bookingid":1307},{"bookingid":1854},{"bookingid":280},{"bookingid":1871},{"bookingid":1354},{"bookingid":402},{"bookingid":2416},{"bookingid":1316},{"bookingid":2725},{"bookingid":2799},{"bookingid":461},{"bookingid":540},{"bookingid":1101},{"bookingid":550},{"bookingid":576},{"bookingid":3054},{"bookingid":951},{"bookingid":2121},{"bookingid":1284},{"bookingid":43},{"bookingid":707},{"bookingid":1541},{"bookingid":1453},{"bookingid":394},{"bookingid":2972},{"bookingid":338},{"bookingid":1103},{"bookingid":360},{"bookingid":3168},{"bookingid":2287},{"bookingid":1369},{"bookingid":1886},{"bookingid":1604},{"bookingid":962},{"bookingid":2693},{"bookingid":655},{"bookingid":2404},{"bookingid":1965},{"bookingid":631},{"bookingid":3036},{"bookingid":104},{"bookingid":1957},{"bookingid":342},{"bookingid":816},{"bookingid":2023},{"bookingid":1137},{"bookingid":1853},{"bookingid":2916},{"bookingid":1107},{"bookingid":178},{"bookingid":2223},{"bookingid":78},{"bookingid":3043},{"bookingid":2350},{"bookingid":2949},{"bookingid":1491},{"bookingid":1025},{"bookingid":483},{"bookingid":2365},{"bookingid":2247},{"bookingid":761},{"bookingid":2867},{"bookingid":182},{"bookingid":1756},{"bookingid":2604},{"bookingid":469},{"bookingid":1515},{"bookingid":992},{"bookingid":1782},{"bookingid":2851},{"bookingid":1411},{"bookingid":156},{"bookingid":2788},{"bookingid":3107},{"bookingid":255},{"bookingid":2750},{"bookingid":1303},{"bookingid":1248},{"bookingid":931},{"bookingid":2305},{"bookingid":2332},{"bookingid":1812},{"bookingid":384},{"bookingid":2503},{"bookingid":85},{"bookingid":544},{"bookingid":2233},{"bookingid":2584},{"bookingid":1346},{"bookingid":1530},{"bookingid":2726},{"bookingid":2069},{"bookingid":2407},{"bookingid":2211},{"bookingid":81},{"bookingid":2660},{"bookingid":2135},{"bookingid":1270},{"bookingid":2706},{"bookingid":387},{"bookingid":934},{"bookingid":1610},{"bookingid":2262},{"bookingid":1292},{"bookingid":1521},{"bookingid":1715},{"bookingid":2987},{"bookingid":910},{"bookingid":880},{"bookingid":2207},{"bookingid":974},{"bookingid":2433},{"bookingid":2774},{"bookingid":539},{"bookingid":2010},{"bookingid":2529},{"bookingid":1164},{"bookingid":1653},{"bookingid":2990},{"bookingid":2072},{"bookingid":422},{"bookingid":2483},{"bookingid":1083},{"bookingid":3094},{"bookingid":3087},{"bookingid":1724},{"bookingid":339},{"bookingid":1205},{"bookingid":3117},{"bookingid":1302},{"bookingid":497},{"bookingid":2906},{"bookingid":821},{"bookingid":2681},{"bookingid":1884},{"bookingid":1702},{"bookingid":2016},{"bookingid":2406},{"bookingid":1954},{"bookingid":119},{"bookingid":1727},{"bookingid":2616},{"bookingid":1930},{"bookingid":612},{"bookingid":3163},{"bookingid":1711},{"bookingid":1115},{"bookingid":2640},{"bookingid":1394},{"bookingid":441},{"bookingid":1008},{"bookingid":203},{"bookingid":2712},{"bookingid":2661},{"bookingid":1995},{"bookingid":2188},{"bookingid":2602},{"bookingid":2108},{"bookingid":2570},{"bookingid":2951},{"bookingid":2843},{"bookingid":2610},{"bookingid":2472},{"bookingid":3011},{"bookingid":1309},{"bookingid":2185},{"bookingid":1847},{"bookingid":2630},{"bookingid":2980},{"bookingid":2063},{"bookingid":2996},{"bookingid":2834},{"bookingid":1275},{"bookingid":2263},{"bookingid":68},{"bookingid":84},{"bookingid":1892},{"bookingid":829},{"bookingid":1605},{"bookingid":700},{"bookingid":732},{"bookingid":2830},{"bookingid":1461},{"bookingid":1731},{"bookingid":735},{"bookingid":489},{"bookingid":222},{"bookingid":430},{"bookingid":591},{"bookingid":1796},{"bookingid":2560},{"bookingid":467},{"bookingid":1759},{"bookingid":1624},{"bookingid":979},{"bookingid":2708},{"bookingid":3008},{"bookingid":2780},{"bookingid":2452},{"bookingid":2688},{"bookingid":1099},{"bookingid":695},{"bookingid":2285},{"bookingid":285},{"bookingid":514},{"bookingid":1035},{"bookingid":2169},{"bookingid":154},{"bookingid":2965},{"bookingid":1803},{"bookingid":555},{"bookingid":3129},{"bookingid":2340},{"bookingid":1585},{"bookingid":832},{"bookingid":62},{"bookingid":1397},{"bookingid":3026},{"bookingid":1139},{"bookingid":674},{"bookingid":1632},{"bookingid":121},{"bookingid":37},{"bookingid":306},{"bookingid":2806},{"bookingid":2268},{"bookingid":72},{"bookingid":1151},{"bookingid":1432},{"bookingid":2164},{"bookingid":1976},{"bookingid":183},{"bookingid":2926},{"bookingid":1005},{"bookingid":3123},{"bookingid":1001},{"bookingid":3027},{"bookingid":1128},{"bookingid":950},{"bookingid":307},{"bookingid":633},{"bookingid":427},{"bookingid":1635},{"bookingid":2462},{"bookingid":484},{"bookingid":73},{"bookingid":1094},{"bookingid":1032},{"bookingid":2525},{"bookingid":2718},{"bookingid":2214},{"bookingid":193},{"bookingid":292},{"bookingid":575},{"bookingid":791},{"bookingid":304},{"bookingid":253},{"bookingid":3106},{"bookingid":1313},{"bookingid":1569},{"bookingid":2805},{"bookingid":526},{"bookingid":45},{"bookingid":3085},{"bookingid":128},{"bookingid":3013},{"bookingid":505},{"bookingid":846},{"bookingid":261},{"bookingid":133},{"bookingid":2448},{"bookingid":3153},{"bookingid":2676},{"bookingid":1852},{"bookingid":2547},{"bookingid":641},{"bookingid":3169},{"bookingid":736},{"bookingid":313},{"bookingid":3057},{"bookingid":2497},{"bookingid":2516},{"bookingid":39},{"bookingid":1020},{"bookingid":2908},{"bookingid":4},{"bookingid":412},{"bookingid":2165},{"bookingid":728},{"bookingid":343},{"bookingid":579},{"bookingid":667},{"bookingid":3119},{"bookingid":2644},{"bookingid":2715},{"bookingid":389},{"bookingid":116},{"bookingid":1772},{"bookingid":1570},{"bookingid":2064},{"bookingid":2969},{"bookingid":2960},{"bookingid":1427},{"bookingid":1934},{"bookingid":2931},{"bookingid":530},{"bookingid":472},{"bookingid":2840},{"bookingid":583},{"bookingid":2775},{"bookingid":2701},{"bookingid":1239},{"bookingid":11},{"bookingid":2118},{"bookingid":2149},{"bookingid":2859},{"bookingid":2070},{"bookingid":998},{"bookingid":3110},{"bookingid":826},{"bookingid":2751},{"bookingid":1223},{"bookingid":1233},{"bookingid":2171},{"bookingid":3},{"bookingid":564},{"bookingid":2473},{"bookingid":2910},{"bookingid":557},{"bookingid":1879},{"bookingid":29},{"bookingid":660},{"bookingid":79},{"bookingid":2005},{"bookingid":1452},{"bookingid":2475},{"bookingid":2710},{"bookingid":2827},{"bookingid":2813},{"bookingid":1506},{"bookingid":978},{"bookingid":1533},{"bookingid":651},{"bookingid":521},{"bookingid":2011},{"bookingid":1154},{"bookingid":3033},{"bookingid":1660},{"bookingid":3017},{"bookingid":189},{"bookingid":401},{"bookingid":1588},{"bookingid":1140},{"bookingid":1778},{"bookingid":373},{"bookingid":2496},{"bookingid":3095},{"bookingid":2368},{"bookingid":3059},{"bookingid":1116},{"bookingid":2853},{"bookingid":883},{"bookingid":2106},{"bookingid":878},{"bookingid":2720},{"bookingid":1723},{"bookingid":503},{"bookingid":331},{"bookingid":1566},{"bookingid":382},{"bookingid":2782},{"bookingid":2458},{"bookingid":1335},{"bookingid":2513},{"bookingid":1671},{"bookingid":1945},{"bookingid":442},{"bookingid":995},{"bookingid":1109},{"bookingid":2363},{"bookingid":2901},{"bookingid":3000},{"bookingid":2400},{"bookingid":2040},{"bookingid":2296},{"bookingid":28},{"bookingid":1215},{"bookingid":2140},{"bookingid":838},{"bookingid":1337},{"bookingid":508},{"bookingid":2478},{"bookingid":1231},{"bookingid":1607},{"bookingid":2027},{"bookingid":569},{"bookingid":2120},{"bookingid":2494},{"bookingid":636},{"bookingid":158},{"bookingid":491},{"bookingid":31},{"bookingid":1805},{"bookingid":174},{"bookingid":2675},{"bookingid":1685},{"bookingid":1560},{"bookingid":1299},{"bookingid":2399},{"bookingid":1856},{"bookingid":3031},{"bookingid":1615},{"bookingid":1477},{"bookingid":3062},{"bookingid":737},{"bookingid":2522},{"bookingid":1349},{"bookingid":2831},{"bookingid":705},{"bookingid":1527},{"bookingid":95},{"bookingid":2277},{"bookingid":1257},{"bookingid":2237},{"bookingid":867},{"bookingid":1317},{"bookingid":1503},{"bookingid":1402},{"bookingid":2466},{"bookingid":1318},{"bookingid":1252},{"bookingid":3172},{"bookingid":2444},{"bookingid":744},{"bookingid":2047},{"bookingid":1170},{"bookingid":1195},{"bookingid":2430},{"bookingid":1050},{"bookingid":949},{"bookingid":2698},{"bookingid":2498},{"bookingid":457},{"bookingid":466},{"bookingid":798},{"bookingid":1598},{"bookingid":212},{"bookingid":1669},{"bookingid":2744},{"bookingid":3038},{"bookingid":2424},{"bookingid":1709},{"bookingid":2349},{"bookingid":1281},{"bookingid":1153},{"bookingid":2109},{"bookingid":1350},{"bookingid":1810},{"bookingid":2548},{"bookingid":1194},{"bookingid":1828},{"bookingid":15},{"bookingid":217},{"bookingid":1246},{"bookingid":1021},{"bookingid":1948},{"bookingid":850},{"bookingid":1555},{"bookingid":727},{"bookingid":2633},{"bookingid":1079},{"bookingid":2389},{"bookingid":2206},{"bookingid":386},{"bookingid":1440},{"bookingid":970},{"bookingid":1986},{"bookingid":904},{"bookingid":698},{"bookingid":2133},{"bookingid":141},{"bookingid":2033},{"bookingid":675},{"bookingid":2650},{"bookingid":2821},{"bookingid":2855},{"bookingid":3060},{"bookingid":325},{"bookingid":1528},{"bookingid":1813},{"bookingid":1981},{"bookingid":533},{"bookingid":1640},{"bookingid":2603},{"bookingid":3111},{"bookingid":2030},{"bookingid":2928},{"bookingid":2989},{"bookingid":2001},{"bookingid":597},{"bookingid":1745},{"bookingid":17},{"bookingid":913},{"bookingid":2920},{"bookingid":1218},{"bookingid":1511},{"bookingid":414},{"bookingid":2937},{"bookingid":2524},{"bookingid":2028},{"bookingid":1944},{"bookingid":2737},{"bookingid":236},{"bookingid":2244},{"bookingid":2442},{"bookingid":1648},{"bookingid":2327},{"bookingid":2852},{"bookingid":65},{"bookingid":2890},{"bookingid":2893},{"bookingid":1298},{"bookingid":677},{"bookingid":437},{"bookingid":2943},{"bookingid":2440},{"bookingid":771},{"bookingid":3014},{"bookingid":131},{"bookingid":146},{"bookingid":2849},{"bookingid":310},{"bookingid":148},{"bookingid":69},{"bookingid":2127},{"bookingid":2808},{"bookingid":1537},{"bookingid":2304},{"bookingid":1512},{"bookingid":663},{"bookingid":1063},{"bookingid":507},{"bookingid":898},{"bookingid":1024},{"bookingid":418},{"bookingid":711},{"bookingid":1136},{"bookingid":948},{"bookingid":2939},{"bookingid":993},{"bookingid":1085},{"bookingid":1960},{"bookingid":2615},{"bookingid":2427},{"bookingid":764},{"bookingid":2785},{"bookingid":788},{"bookingid":2100},{"bookingid":800},{"bookingid":425},{"bookingid":2657},{"bookingid":1314},{"bookingid":2545},{"bookingid":2062},{"bookingid":1262},{"bookingid":1974},{"bookingid":741},{"bookingid":281},{"bookingid":122},{"bookingid":106},{"bookingid":1629},{"bookingid":3156},{"bookingid":1167},{"bookingid":1936},{"bookingid":2153},{"bookingid":1485},{"bookingid":1410},{"bookingid":2230},{"bookingid":2361},{"bookingid":2838},{"bookingid":2832},{"bookingid":1891},{"bookingid":932},{"bookingid":955},{"bookingid":1829},{"bookingid":770},{"bookingid":2561},{"bookingid":27},{"bookingid":947},{"bookingid":2049},{"bookingid":528},{"bookingid":1287},{"bookingid":2173},{"bookingid":1710},{"bookingid":2031},{"bookingid":1457},{"bookingid":26},{"bookingid":1716},{"bookingid":2194},{"bookingid":2229},{"bookingid":434},{"bookingid":945},{"bookingid":2611},{"bookingid":1949},{"bookingid":874},{"bookingid":2704},{"bookingid":2599},{"bookingid":46},{"bookingid":216},{"bookingid":1728},{"bookingid":2994},{"bookingid":18},{"bookingid":714},{"bookingid":2386},{"bookingid":1293},{"bookingid":352},{"bookingid":2936},{"bookingid":2875},{"bookingid":1052},{"bookingid":76},{"bookingid":1473},{"bookingid":1376},{"bookingid":1698},{"bookingid":462},{"bookingid":1421},{"bookingid":1545},{"bookingid":2053},{"bookingid":1835},{"bookingid":407},{"bookingid":1677},{"bookingid":755},{"bookingid":1168},{"bookingid":200},{"bookingid":350},{"bookingid":2714},{"bookingid":2019},{"bookingid":1066},{"bookingid":2537},{"bookingid":897},{"bookingid":1840},{"bookingid":863},{"bookingid":1734},{"bookingid":2078},{"bookingid":1172},{"bookingid":2502},{"bookingid":2934},{"bookingid":248},{"bookingid":1882},{"bookingid":3025},{"bookingid":1383},{"bookingid":2557},{"bookingid":1183},{"bookingid":625},{"bookingid":30},{"bookingid":2316},{"bookingid":1341},{"bookingid":2382},{"bookingid":2902},{"bookingid":2251},{"bookingid":938},{"bookingid":2787},{"bookingid":628},{"bookingid":2017},{"bookingid":2658},{"bookingid":144},{"bookingid":1874},{"bookingid":1901},{"bookingid":1730},{"bookingid":645},{"bookingid":428},{"bookingid":1353},{"bookingid":1877},{"bookingid":1013},{"bookingid":1732},{"bookingid":1867},{"bookingid":2779},{"bookingid":1785},{"bookingid":1488},{"bookingid":3080},{"bookingid":3082},{"bookingid":606},{"bookingid":2911},{"bookingid":2090},{"bookingid":2481},{"bookingid":1189},{"bookingid":454},{"bookingid":1},{"bookingid":319},{"bookingid":912},{"bookingid":2170},{"bookingid":58},{"bookingid":478},{"bookingid":2196},{"bookingid":2773},{"bookingid":354},{"bookingid":549},{"bookingid":275},{"bookingid":1329},{"bookingid":2857},{"bookingid":2581},{"bookingid":2728},{"bookingid":2619},{"bookingid":359},{"bookingid":366},{"bookingid":1993},{"bookingid":1067},{"bookingid":827},{"bookingid":2638},{"bookingid":905},{"bookingid":1694},{"bookingid":1922},{"bookingid":652},{"bookingid":647},{"bookingid":1174},{"bookingid":1113},{"bookingid":1999},{"bookingid":1662},{"bookingid":2847},{"bookingid":1498},{"bookingid":1405},{"bookingid":2540},{"bookingid":1371},{"bookingid":1683},{"bookingid":2624},{"bookingid":3101},{"bookingid":2590},{"bookingid":1900},{"bookingid":1447},{"bookingid":720},{"bookingid":2930},{"bookingid":1117},{"bookingid":1859},{"bookingid":881},{"bookingid":2490},{"bookingid":2232},{"bookingid":2046},{"bookingid":1078},{"bookingid":1069},{"bookingid":786},{"bookingid":1665},{"bookingid":1051},{"bookingid":1393},{"bookingid":334},{"bookingid":3093},{"bookingid":2358},{"bookingid":1108},{"bookingid":572},{"bookingid":155},{"bookingid":1951},{"bookingid":3005},{"bookingid":1203},{"bookingid":16},{"bookingid":327},{"bookingid":1344},{"bookingid":779},{"bookingid":2729},{"bookingid":525},{"bookingid":1141},{"bookingid":1264},{"bookingid":852},{"bookingid":1781},{"bookingid":679},{"bookingid":3048},{"bookingid":1054},{"bookingid":20},{"bookingid":74},{"bookingid":1843},{"bookingid":2598},{"bookingid":2933},{"bookingid":1897},{"bookingid":1484},{"bookingid":1396},{"bookingid":2918},{"bookingid":1909},{"bookingid":1969},{"bookingid":1366},{"bookingid":2107},{"bookingid":1872},{"bookingid":2166},{"bookingid":2825},{"bookingid":885},{"bookingid":1740},{"bookingid":1166},{"bookingid":1358},{"bookingid":616},{"bookingid":2559},{"bookingid":165},{"bookingid":2769},{"bookingid":2768},{"bookingid":1420},{"bookingid":783},{"bookingid":706},{"bookingid":2510},{"bookingid":712},{"bookingid":766},{"bookingid":2088},{"bookingid":160},{"bookingid":3028},{"bookingid":781},{"bookingid":1616},{"bookingid":365},{"bookingid":2319},{"bookingid":1088},{"bookingid":21},{"bookingid":1864},{"bookingid":2299},{"bookingid":1463},{"bookingid":2394},{"bookingid":966},{"bookingid":999},{"bookingid":221},{"bookingid":1961},{"bookingid":715},{"bookingid":1308},{"bookingid":1726},{"bookingid":2730},{"bookingid":802},{"bookingid":36},{"bookingid":2889},{"bookingid":499},{"bookingid":1386},{"bookingid":361},{"bookingid":1118},{"bookingid":3040},{"bookingid":1510},{"bookingid":2055},{"bookingid":1612},{"bookingid":2686},{"bookingid":900},{"bookingid":558},{"bookingid":25},{"bookingid":2369},{"bookingid":613},{"bookingid":2077},{"bookingid":835},{"bookingid":2134},{"bookingid":3173},{"bookingid":1187},{"bookingid":839},{"bookingid":13},{"bookingid":488},{"bookingid":2863},{"bookingid":985},{"bookingid":2680},{"bookingid":2795},{"bookingid":2467},{"bookingid":2344},{"bookingid":1362},{"bookingid":404},{"bookingid":589},{"bookingid":760},{"bookingid":1971},{"bookingid":545},{"bookingid":1656},{"bookingid":2256},{"bookingid":841},{"bookingid":1799},{"bookingid":1391},{"bookingid":1096},{"bookingid":691},{"bookingid":2114},{"bookingid":1404},{"bookingid":2443},{"bookingid":1301},{"bookingid":1060},{"bookingid":2212},{"bookingid":3165},{"bookingid":2869},{"bookingid":1576},{"bookingid":2596},{"bookingid":919},{"bookingid":1801},{"bookingid":3099},{"bookingid":2858},{"bookingid":1705},{"bookingid":2177},{"bookingid":1657},{"bookingid":367},{"bookingid":1762},{"bookingid":592},{"bookingid":1561},{"bookingid":22},{"bookingid":1464},{"bookingid":1529},{"bookingid":2531},{"bookingid":2022},{"bookingid":1296},{"bookingid":1920},{"bookingid":1536},{"bookingid":1644},{"bookingid":1755},{"bookingid":301},{"bookingid":617},{"bookingid":1059},{"bookingid":290},{"bookingid":455},{"bookingid":299},{"bookingid":1573},{"bookingid":60},{"bookingid":1979},{"bookingid":1940},{"bookingid":2734},{"bookingid":1824},{"bookingid":1178},{"bookingid":1907},{"bookingid":2634},{"bookingid":2197},{"bookingid":1941},{"bookingid":890},{"bookingid":3141},{"bookingid":2731},{"bookingid":2454},{"bookingid":2558},{"bookingid":1942},{"bookingid":2536},{"bookingid":2333},{"bookingid":268},{"bookingid":2554},{"bookingid":1980},{"bookingid":1553},{"bookingid":956},{"bookingid":2629},{"bookingid":1918},{"bookingid":1155},{"bookingid":1351},{"bookingid":1467},{"bookingid":1701},{"bookingid":2639},{"bookingid":527},{"bookingid":1213},{"bookingid":871},{"bookingid":2759},{"bookingid":2956},{"bookingid":621},{"bookingid":2422},{"bookingid":2059},{"bookingid":1277},{"bookingid":3045},{"bookingid":1210},{"bookingid":756},{"bookingid":2512},{"bookingid":570},{"bookingid":2318},{"bookingid":2665},{"bookingid":1456},{"bookingid":377},{"bookingid":2841},{"bookingid":328},{"bookingid":97},{"bookingid":2418},{"bookingid":2942},{"bookingid":1363},{"bookingid":2039},{"bookingid":1378},{"bookingid":630},{"bookingid":2044},{"bookingid":2048},{"bookingid":977},{"bookingid":1765},{"bookingid":1688},{"bookingid":273},{"bookingid":2605},{"bookingid":1323},{"bookingid":1331},{"bookingid":1718},{"bookingid":2308},{"bookingid":1018},{"bookingid":1617},{"bookingid":2666},{"bookingid":2226},{"bookingid":928},{"bookingid":2733},{"bookingid":380},{"bookingid":2957},{"bookingid":1130},{"bookingid":2968},{"bookingid":1065},{"bookingid":2786},{"bookingid":1580},{"bookingid":853},{"bookingid":1143},{"bookingid":2176},{"bookingid":2409},{"bookingid":1124},{"bookingid":231},{"bookingid":1889},{"bookingid":2894},{"bookingid":697},{"bookingid":1073},{"bookingid":3070},{"bookingid":780},{"bookingid":1865},{"bookingid":847},{"bookingid":1185},{"bookingid":716},{"bookingid":599},{"bookingid":980},{"bookingid":2128},{"bookingid":2552},{"bookingid":1964},{"bookingid":1090},{"bookingid":2331},{"bookingid":2289},{"bookingid":1220},{"bookingid":1176},{"bookingid":223},{"bookingid":2034},{"bookingid":1152},{"bookingid":2123},{"bookingid":2695},{"bookingid":2810},{"bookingid":2142},{"bookingid":836},{"bookingid":2668},{"bookingid":101},{"bookingid":729},{"bookingid":2509},{"bookingid":1753},{"bookingid":2749},{"bookingid":1895},{"bookingid":2076},{"bookingid":2148},{"bookingid":943},{"bookingid":1492},{"bookingid":1873},{"bookingid":272},{"bookingid":1209},{"bookingid":3015},{"bookingid":197},{"bookingid":445},{"bookingid":416},{"bookingid":3181},{"bookingid":2042},{"bookingid":2198},{"bookingid":1014},{"bookingid":3047},{"bookingid":164},{"bookingid":556},{"bookingid":2323},{"bookingid":1379},{"bookingid":3132},{"bookingid":1846},{"bookingid":536},{"bookingid":1908},{"bookingid":1283},{"bookingid":1625},{"bookingid":861},{"bookingid":535},{"bookingid":907},{"bookingid":2614},{"bookingid":2986},{"bookingid":2306},{"bookingid":1935},{"bookingid":2032},{"bookingid":2837},{"bookingid":1597},{"bookingid":241},{"bookingid":1482},{"bookingid":1017},{"bookingid":2139},{"bookingid":918},{"bookingid":2269},{"bookingid":1834},{"bookingid":2948},{"bookingid":1462},{"bookingid":857},{"bookingid":1766},{"bookingid":2826},{"bookingid":314},{"bookingid":75},{"bookingid":1691},{"bookingid":1144},{"bookingid":2921},{"bookingid":2876},{"bookingid":2992},{"bookingid":1738},{"bookingid":1523},{"bookingid":534},{"bookingid":684},{"bookingid":2131},{"bookingid":1190},{"bookingid":283},{"bookingid":2532},{"bookingid":1192},{"bookingid":345},{"bookingid":2179},{"bookingid":1434},{"bookingid":2670},{"bookingid":1623},{"bookingid":1445},{"bookingid":1594},{"bookingid":666},{"bookingid":202},{"bookingid":709},{"bookingid":1621},{"bookingid":3065},{"bookingid":1802},{"bookingid":91},{"bookingid":3150},{"bookingid":1199},{"bookingid":2578},{"bookingid":1748},{"bookingid":2292},{"bookingid":171},{"bookingid":2352},{"bookingid":1586},{"bookingid":686},{"bookingid":721},{"bookingid":2748},{"bookingid":3124},{"bookingid":278},{"bookingid":185},{"bookingid":694},{"bookingid":2450},{"bookingid":1928},{"bookingid":1721},{"bookingid":2325},{"bookingid":1599},{"bookingid":2970},{"bookingid":1122},{"bookingid":1792},{"bookingid":408},{"bookingid":2007},{"bookingid":2295},{"bookingid":2202},{"bookingid":482},{"bookingid":639},{"bookingid":669},{"bookingid":235},{"bookingid":2317},{"bookingid":2738},{"bookingid":723},{"bookingid":2145},{"bookingid":1468},{"bookingid":1250},{"bookingid":1486},{"bookingid":769},{"bookingid":2054},{"bookingid":254},{"bookingid":1030},{"bookingid":990},{"bookingid":2953},{"bookingid":2193},{"bookingid":2372},{"bookingid":763},{"bookingid":48},{"bookingid":475},{"bookingid":1622},{"bookingid":2740},{"bookingid":552},{"bookingid":1903},{"bookingid":851},{"bookingid":2079},{"bookingid":316},{"bookingid":2583},{"bookingid":1559},{"bookingid":1047},{"bookingid":3122},{"bookingid":1749},{"bookingid":487},{"bookingid":2817},{"bookingid":1222},{"bookingid":3170},{"bookingid":2258},{"bookingid":2161},{"bookingid":3002},{"bookingid":916},{"bookingid":2415},{"bookingid":3088},{"bookingid":2812},{"bookingid":3049},{"bookingid":2763},{"bookingid":2464},{"bookingid":1883},{"bookingid":8},{"bookingid":1234},{"bookingid":1042},{"bookingid":2899},{"bookingid":2245},{"bookingid":181},{"bookingid":1414},{"bookingid":2623},{"bookingid":2618},{"bookingid":2013},{"bookingid":1754},{"bookingid":2539},{"bookingid":320},{"bookingid":1618},{"bookingid":593},{"bookingid":2083},{"bookingid":2451},{"bookingid":733},{"bookingid":2395},{"bookingid":51},{"bookingid":933},{"bookingid":1627},{"bookingid":1946},{"bookingid":3137},{"bookingid":1095},{"bookingid":1458},{"bookingid":2888},{"bookingid":2091},{"bookingid":2694},{"bookingid":1415},{"bookingid":52},{"bookingid":1880},{"bookingid":9},{"bookingid":468},{"bookingid":672},{"bookingid":2313},{"bookingid":98},{"bookingid":1089},{"bookingid":1959},{"bookingid":2094},{"bookingid":1343},{"bookingid":206},{"bookingid":2900},{"bookingid":298},{"bookingid":64},{"bookingid":1028},{"bookingid":2814},{"bookingid":1384},{"bookingid":509},{"bookingid":1517},{"bookingid":2804},{"bookingid":3098},{"bookingid":7},{"bookingid":673},{"bookingid":1787},{"bookingid":1201},{"bookingid":107},{"bookingid":2061},{"bookingid":819},{"bookingid":6},{"bookingid":1973},{"bookingid":767},{"bookingid":1818},{"bookingid":264},{"bookingid":2945},{"bookingid":2234},{"bookingid":2463},{"bookingid":726},{"bookingid":3058},{"bookingid":2542},{"bookingid":1549},{"bookingid":2954},{"bookingid":2845},{"bookingid":3069},{"bookingid":237},{"bookingid":860},{"bookingid":267},{"bookingid":1360},{"bookingid":2204},{"bookingid":805},{"bookingid":477},{"bookingid":1562},{"bookingid":2586},{"bookingid":2878},{"bookingid":1325},{"bookingid":2484},{"bookingid":804},{"bookingid":113},{"bookingid":49},{"bookingid":2518},{"bookingid":559},{"bookingid":1497},{"bookingid":2983},{"bookingid":3084},{"bookingid":2541},{"bookingid":1664},{"bookingid":2897},{"bookingid":1399},{"bookingid":1433},{"bookingid":2880},{"bookingid":3152},{"bookingid":2413},{"bookingid":1790},{"bookingid":2519},{"bookingid":208},{"bookingid":358},{"bookingid":2378},{"bookingid":542},{"bookingid":2278},{"bookingid":152},{"bookingid":1643},{"bookingid":1687},{"bookingid":2647},{"bookingid":1633},{"bookingid":460},{"bookingid":1228},{"bookingid":333},{"bookingid":2796},{"bookingid":398},{"bookingid":2491},{"bookingid":2687},{"bookingid":1522},{"bookingid":391},{"bookingid":188},{"bookingid":1348},{"bookingid":1923},{"bookingid":2571},{"bookingid":1455},{"bookingid":89},{"bookingid":1372},{"bookingid":2528},{"bookingid":2275},{"bookingid":1418},{"bookingid":2689},{"bookingid":420},{"bookingid":1789},{"bookingid":2807},{"bookingid":1719},{"bookingid":516},{"bookingid":2608},{"bookingid":3020},{"bookingid":2631},{"bookingid":2052},{"bookingid":1531},{"bookingid":571},{"bookingid":2280},{"bookingid":1682},{"bookingid":866},{"bookingid":2864},{"bookingid":688},{"bookingid":260},{"bookingid":1037},{"bookingid":494},{"bookingid":247},{"bookingid":2293},{"bookingid":474},{"bookingid":2067},{"bookingid":2379},{"bookingid":2236},{"bookingid":440},{"bookingid":773},{"bookingid":410},{"bookingid":2762},{"bookingid":1204},{"bookingid":19},{"bookingid":5},{"bookingid":243},{"bookingid":2801},{"bookingid":1917},{"bookingid":1636},{"bookingid":2797},{"bookingid":3136},{"bookingid":2958},{"bookingid":2129},{"bookingid":376},{"bookingid":1424},{"bookingid":2515},{"bookingid":1896},{"bookingid":2723},{"bookingid":936},{"bookingid":971},{"bookingid":2125},{"bookingid":2717},{"bookingid":1442},{"bookingid":435},{"bookingid":1962},{"bookingid":86},{"bookingid":355},{"bookingid":1706},{"bookingid":1773},{"bookingid":2761},{"bookingid":2253},{"bookingid":2259},{"bookingid":371},{"bookingid":176},{"bookingid":2041},{"bookingid":1775},{"bookingid":2909},{"bookingid":986},{"bookingid":2225},{"bookingid":2015},{"bookingid":2488},{"bookingid":90},{"bookingid":1098},{"bookingid":1600},{"bookingid":2417},{"bookingid":3180},{"bookingid":3064},{"bookingid":2572},{"bookingid":353},{"bookingid":3063},{"bookingid":1027},{"bookingid":610},{"bookingid":168},{"bookingid":1667},{"bookingid":88},{"bookingid":2428},{"bookingid":1564},{"bookingid":450},{"bookingid":877},{"bookingid":588},{"bookingid":2654},{"bookingid":2896},{"bookingid":2800},{"bookingid":2822},{"bookingid":777},{"bookingid":40},{"bookingid":2429},{"bookingid":833},{"bookingid":227},{"bookingid":3079},{"bookingid":1221},{"bookingid":1842},{"bookingid":1924},{"bookingid":2310},{"bookingid":1681},{"bookingid":2388},{"bookingid":1494},{"bookingid":135},{"bookingid":2504},{"bookingid":1862},{"bookingid":648},{"bookingid":2637},{"bookingid":117},{"bookingid":1181},{"bookingid":2355},{"bookingid":3021},{"bookingid":2776},{"bookingid":923},{"bookingid":2962},{"bookingid":1741},{"bookingid":1524},{"bookingid":1692},{"bookingid":82},{"bookingid":1367},{"bookingid":2402},{"bookingid":3154},{"bookingid":196},{"bookingid":2555},{"bookingid":1815},{"bookingid":2370},{"bookingid":449},{"bookingid":2150},{"bookingid":1795},{"bookingid":378},{"bookingid":1245},{"bookingid":1285},{"bookingid":1007},{"bookingid":2977},{"bookingid":184},{"bookingid":1230},{"bookingid":2870},{"bookingid":1849},{"bookingid":205},{"bookingid":1700},{"bookingid":784},{"bookingid":2376},{"bookingid":2423},{"bookingid":1310},{"bookingid":1254},{"bookingid":1493},{"bookingid":3072},{"bookingid":2156},{"bookingid":322},{"bookingid":3139},{"bookingid":1300},{"bookingid":370},{"bookingid":406},{"bookingid":2126},{"bookingid":1070},{"bookingid":1628},{"bookingid":2653},{"bookingid":1592},{"bookingid":722},{"bookingid":481},{"bookingid":3143},{"bookingid":1324},{"bookingid":815},{"bookingid":1767},{"bookingid":1591},{"bookingid":1443},{"bookingid":1722},{"bookingid":2217},{"bookingid":1244},{"bookingid":192},{"bookingid":33},{"bookingid":2141},{"bookingid":1574},{"bookingid":1407},{"bookingid":305},{"bookingid":2158},{"bookingid":884},{"bookingid":1499},{"bookingid":2993},{"bookingid":2549},{"bookingid":967},{"bookingid":3009},{"bookingid":1938},{"bookingid":2346},{"bookingid":2009},{"bookingid":865},{"bookingid":357},{"bookingid":1236},{"bookingid":50},{"bookingid":795},{"bookingid":340},{"bookingid":3077},{"bookingid":1798},{"bookingid":864},{"bookingid":565},{"bookingid":1783},{"bookingid":432},{"bookingid":830},{"bookingid":1742},{"bookingid":922},{"bookingid":1673},{"bookingid":2096},{"bookingid":2585},{"bookingid":2249},{"bookingid":1652},{"bookingid":2324},{"bookingid":1423},{"bookingid":249},{"bookingid":286},{"bookingid":1811},{"bookingid":1546},{"bookingid":2112},{"bookingid":1182},{"bookingid":1913},{"bookingid":2356},{"bookingid":1278},{"bookingid":590},{"bookingid":2380},{"bookingid":917},{"bookingid":2646},{"bookingid":1830},{"bookingid":3067},{"bookingid":2137},{"bookingid":257},{"bookingid":958},{"bookingid":463},{"bookingid":868},{"bookingid":2298},{"bookingid":209},{"bookingid":1916},{"bookingid":2976},{"bookingid":892},{"bookingid":965},{"bookingid":1265},{"bookingid":646},{"bookingid":2940},{"bookingid":2390},{"bookingid":332},{"bookingid":2967},{"bookingid":1011},{"bookingid":608},{"bookingid":2434},{"bookingid":3116},{"bookingid":2300},{"bookingid":1679},{"bookingid":1538},{"bookingid":2159},{"bookingid":2767},{"bookingid":125},{"bookingid":742},{"bookingid":1888},{"bookingid":294},{"bookingid":1359},{"bookingid":1863},{"bookingid":1010},{"bookingid":1227},{"bookingid":693},{"bookingid":2699},{"bookingid":1426},{"bookingid":289},{"bookingid":1406},{"bookingid":2213},{"bookingid":632},{"bookingid":1149},{"bookingid":520},{"bookingid":811},{"bookingid":582},{"bookingid":379},{"bookingid":3092},{"bookingid":3050},{"bookingid":1437},{"bookingid":2915},{"bookingid":438},{"bookingid":161},{"bookingid":2872},{"bookingid":3053},{"bookingid":895},{"bookingid":2219},{"bookingid":787},{"bookingid":1269},{"bookingid":2721},{"bookingid":1905},{"bookingid":1188},{"bookingid":1322},{"bookingid":2757},{"bookingid":753},{"bookingid":150},{"bookingid":972},{"bookingid":2861},{"bookingid":1992},{"bookingid":242},{"bookingid":2337},{"bookingid":1160},{"bookingid":2189},{"bookingid":2741},{"bookingid":1556},{"bookingid":2711},{"bookingid":429},{"bookingid":2421},{"bookingid":2265},{"bookingid":167},{"bookingid":1123},{"bookingid":1041},{"bookingid":2095},{"bookingid":2682},{"bookingid":2538},{"bookingid":99},{"bookingid":10},{"bookingid":269},{"bookingid":2923},{"bookingid":2569},{"bookingid":1280},{"bookingid":699},{"bookingid":653},{"bookingid":71},{"bookingid":1056},{"bookingid":624},{"bookingid":190},{"bookingid":886},{"bookingid":2747},{"bookingid":444},{"bookingid":1825},{"bookingid":2645},{"bookingid":1315},{"bookingid":1390},{"bookingid":1370},{"bookingid":889},{"bookingid":1110},{"bookingid":2469},{"bookingid":1290},{"bookingid":2035},{"bookingid":642},{"bookingid":1929},{"bookingid":611},{"bookingid":3105},{"bookingid":987},{"bookingid":105},{"bookingid":1043},{"bookingid":661},{"bookingid":136},{"bookingid":2435},{"bookingid":813},{"bookingid":2082},{"bookingid":2966},{"bookingid":2507},{"bookingid":2383},{"bookingid":1540},{"bookingid":1695},{"bookingid":2474},{"bookingid":2671},{"bookingid":2391},{"bookingid":1966},{"bookingid":1003},{"bookingid":108},{"bookingid":1902},{"bookingid":2659},{"bookingid":854},{"bookingid":3056},{"bookingid":2045},{"bookingid":1631},{"bookingid":2656},{"bookingid":959},{"bookingid":1987},{"bookingid":614},{"bookingid":1472},{"bookingid":1807},{"bookingid":584},{"bookingid":1196},{"bookingid":3035},{"bookingid":2449},{"bookingid":337},{"bookingid":315},{"bookingid":1258},{"bookingid":395},{"bookingid":2408},{"bookingid":443},{"bookingid":1340},{"bookingid":1509},{"bookingid":2745}]
]]></system-out>
    <system-err><![CDATA[SLF4J(W): No SLF4J providers were found.
SLF4J(W): Defaulting to no-operation (NOP) logger implementation
SLF4J(W): See https://www.slf4j.org/codes.html#noProviders for further details.
]]></system-err>
  </testcase>
</testsuite>