<?xml version="1.0" encoding="UTF-8"?>
<testng-results ignored="0" total="1" passed="1" failed="0" skipped="0">
  <reporter-output>
  </reporter-output>
  <suite started-at="2024-08-15T12:18:21 CDT" name="Surefire suite" finished-at="2024-08-15T12:18:23 CDT" duration-ms="2601">
    <groups>
    </groups>
    <test started-at="2024-08-15T12:18:21 CDT" name="Surefire test" finished-at="2024-08-15T12:18:23 CDT" duration-ms="2601">
      <class name="mavenproject.apitests.BookingTests">
        <test-method is-config="true" signature="setUp()[pri:0, instance:mavenproject.apitests.BookingTests@5ae50ce6]" started-at="2024-08-15T12:18:21 CDT" name="setUp" finished-at="2024-08-15T12:18:21 CDT" duration-ms="334" status="PASS">
          <reporter-output>
          </reporter-output>
        </test-method> <!-- setUp -->
        <test-method signature="bookingTests()[pri:0, instance:mavenproject.apitests.BookingTests@5ae50ce6]" started-at="2024-08-15T12:18:21 CDT" name="bookingTests" finished-at="2024-08-15T12:18:23 CDT" duration-ms="2231" status="PASS">
          <reporter-output>
          </reporter-output>
        </test-method> <!-- bookingTests -->
      </class> <!-- mavenproject.apitests.BookingTests -->
    </test> <!-- Surefire test -->
  </suite> <!-- Surefire suite -->
</testng-results>
