<?xml version="1.0" encoding="UTF-8"?>
<testsuite xmlns:xsi="http://www.w3.org/2001/XMLSchema-instance" xsi:noNamespaceSchemaLocation="https://maven.apache.org/surefire/maven-surefire-plugin/xsd/surefire-test-report-3.0.xsd" version="3.0" name="runners.TestRunner" time="23.963" tests="5" errors="1" skipped="0" failures="2">
  <properties>
[...]
</properties>
  <testcase name="Finish checkout #1" classname="Changing name to verify 10" time="6.487">
    <system-out><![CDATA[
@critical @verifyUserCanCheckout
Scenario Outline: Finish checkout                                 # src/test/java/resources/features/testing.feature:35
Verified URL
  Given User logs into Saucedemo page                             # steps.SecondSteps.check_user_url()
  Then User clicks on all add to cart buttons                     # steps.SecondSteps.check_user_clicks_on_all_add_to_cart_buttons()
  Then User clicks checkout button                                # steps.SecondSteps.check_user_clicks_checkout_button_and_enters_info_into_form()
first names are = Divante
first name = Parness
first name = 55112
  And enters "Divante" , "Parness" , and 55112 into form with int # steps.SecondSteps.enters_lirstName_lastName_and_zipCode_into_form(java.lang.String,java.lang.String,int)
  And clicks on the Continue button                               # steps.SecondSteps.check_user_clicks_continue_button()
  Given A user makes it to checkout overview page                 # steps.SecondSteps.check_user_makes_it_to_checkout_overview_page()
  Then User clicks on finish button                               # steps.SecondSteps.check_user_clicks_finish_button()
]]></system-out>
    <system-err><![CDATA[SLF4J: Failed to load class "org.slf4j.impl.StaticLoggerBinder".
SLF4J: Defaulting to no-operation (NOP) logger implementation
SLF4J: See http://www.slf4j.org/codes.html#StaticLoggerBinder for further details.
]]></system-err>
  </testcase>
  <testcase name="Finish checkout #2" classname="Changing name to verify 10" time="4.122">
    <failure message="expected:&lt;...o.com/checkout-step-[two].html&gt; but was:&lt;...o.com/checkout-step-[one].html&gt;" type="org.junit.ComparisonFailure"><![CDATA[org.junit.ComparisonFailure: expected:<...o.com/checkout-step-[two].html> but was:<...o.com/checkout-step-[one].html>
]]></failure>
    <system-out><![CDATA[
@critical @verifyUserCanCheckout
Scenario Outline: Finish checkout                          # src/test/java/resources/features/testing.feature:36
Verified URL
  Given User logs into Saucedemo page                      # steps.SecondSteps.check_user_url()
  Then User clicks on all add to cart buttons              # steps.SecondSteps.check_user_clicks_on_all_add_to_cart_buttons()
  Then User clicks checkout button                         # steps.SecondSteps.check_user_clicks_checkout_button_and_enters_info_into_form()
first names are = 
first name = Parness
first name = 55112
  And enters "" , "Parness" , and 55112 into form with int # steps.SecondSteps.enters_lirstName_lastName_and_zipCode_into_form(java.lang.String,java.lang.String,int)
  And clicks on the Continue button                        # steps.SecondSteps.check_user_clicks_continue_button()
  Given A user makes it to checkout overview page          # steps.SecondSteps.check_user_makes_it_to_checkout_overview_page()
      org.junit.ComparisonFailure: expected:<...o.com/checkout-step-[two].html> but was:<...o.com/checkout-step-[one].html>
	at org.junit.Assert.assertEquals(Assert.java:115)
	at org.junit.Assert.assertEquals(Assert.java:144)
	at steps.SecondSteps.check_user_makes_it_to_checkout_overview_page(SecondSteps.java:242)
	at ✽.A user makes it to checkout overview page(file:///C:/JavaTest1/testing/src/test/java/resources/features/testing.feature:30)

  Then User clicks on finish button                        # steps.SecondSteps.check_user_clicks_finish_button()
]]></system-out>
  </testcase>
  <testcase name="Finish checkout #3" classname="Changing name to verify 10" time="3.637">
    <failure message="expected:&lt;...o.com/checkout-step-[two].html&gt; but was:&lt;...o.com/checkout-step-[one].html&gt;" type="org.junit.ComparisonFailure"><![CDATA[org.junit.ComparisonFailure: expected:<...o.com/checkout-step-[two].html> but was:<...o.com/checkout-step-[one].html>
]]></failure>
    <system-out><![CDATA[
@critical @verifyUserCanCheckout
Scenario Outline: Finish checkout                          # src/test/java/resources/features/testing.feature:37
Verified URL
  Given User logs into Saucedemo page                      # steps.SecondSteps.check_user_url()
  Then User clicks on all add to cart buttons              # steps.SecondSteps.check_user_clicks_on_all_add_to_cart_buttons()
  Then User clicks checkout button                         # steps.SecondSteps.check_user_clicks_checkout_button_and_enters_info_into_form()
first names are = Divante
first name = 
first name = 55112
  And enters "Divante" , "" , and 55112 into form with int # steps.SecondSteps.enters_lirstName_lastName_and_zipCode_into_form(java.lang.String,java.lang.String,int)
  And clicks on the Continue button                        # steps.SecondSteps.check_user_clicks_continue_button()
  Given A user makes it to checkout overview page          # steps.SecondSteps.check_user_makes_it_to_checkout_overview_page()
      org.junit.ComparisonFailure: expected:<...o.com/checkout-step-[two].html> but was:<...o.com/checkout-step-[one].html>
	at org.junit.Assert.assertEquals(Assert.java:115)
	at org.junit.Assert.assertEquals(Assert.java:144)
	at steps.SecondSteps.check_user_makes_it_to_checkout_overview_page(SecondSteps.java:242)
	at ✽.A user makes it to checkout overview page(file:///C:/JavaTest1/testing/src/test/java/resources/features/testing.feature:30)

  Then User clicks on finish button                        # steps.SecondSteps.check_user_clicks_finish_button()
]]></system-out>
  </testcase>
  <testcase name="Finish checkout #4" classname="Changing name to verify 10" time="3.911">
    <error message="TODO: implement me" type="io.cucumber.java.PendingException"><![CDATA[io.cucumber.java.PendingException: TODO: implement me
]]></error>
    <system-out><![CDATA[
@critical @verifyUserCanCheckout
Scenario Outline: Finish checkout                            # src/test/java/resources/features/testing.feature:38
Verified URL
  Given User logs into Saucedemo page                        # steps.SecondSteps.check_user_url()
  Then User clicks on all add to cart buttons                # steps.SecondSteps.check_user_clicks_on_all_add_to_cart_buttons()
  Then User clicks checkout button                           # steps.SecondSteps.check_user_clicks_checkout_button_and_enters_info_into_form()
  And enters "Divante" , "Parness" , and  into form with int # steps.SecondSteps.enters_and_into_form_with_int(java.lang.String,java.lang.String)
      io.cucumber.java.PendingException: TODO: implement me
	at steps.SecondSteps.enters_and_into_form_with_int(SecondSteps.java:411)
	at ✽.enters "Divante" , "Parness" , and  into form with int(file:///C:/JavaTest1/testing/src/test/java/resources/features/testing.feature:28)

  And clicks on the Continue button                          # steps.SecondSteps.check_user_clicks_continue_button()
  Given A user makes it to checkout overview page            # steps.SecondSteps.check_user_makes_it_to_checkout_overview_page()
  Then User clicks on finish button                          # steps.SecondSteps.check_user_clicks_finish_button()
]]></system-out>
  </testcase>
  <testcase name="Finish checkout #5" classname="Changing name to verify 10" time="4.493">
    <system-out><![CDATA[
@critical @verifyUserCanCheckout
Scenario Outline: Finish checkout                               # src/test/java/resources/features/testing.feature:39
Verified URL
  Given User logs into Saucedemo page                           # steps.SecondSteps.check_user_url()
  Then User clicks on all add to cart buttons                   # steps.SecondSteps.check_user_clicks_on_all_add_to_cart_buttons()
  Then User clicks checkout button                              # steps.SecondSteps.check_user_clicks_checkout_button_and_enters_info_into_form()
first names are = Divante
first name = Parness
first name = 221
  And enters "Divante" , "Parness" , and 221 into form with int # steps.SecondSteps.enters_lirstName_lastName_and_zipCode_into_form(java.lang.String,java.lang.String,int)
  And clicks on the Continue button                             # steps.SecondSteps.check_user_clicks_continue_button()
  Given A user makes it to checkout overview page               # steps.SecondSteps.check_user_makes_it_to_checkout_overview_page()
  Then User clicks on finish button                             # steps.SecondSteps.check_user_clicks_finish_button()
]]></system-out>
  </testcase>
</testsuite>